2022-05-14 13:04:46.562  INFO 1768 --- [SpringApplicationShutdownHook] com.alibaba.druid.pool.DruidDataSource   : {dataSource-1} closing ...
2022-05-14 13:04:46.566  INFO 1768 --- [SpringApplicationShutdownHook] com.alibaba.druid.pool.DruidDataSource   : {dataSource-1} closed
2022-05-14 13:37:16.995  INFO 13488 --- [restartedMain] gMutexesToSolveCacheBreakdownApplication : Starting SpringBootRedisHmdpUsingMutexesToSolveCacheBreakdownApplication using Java 16.0.2 on mao with PID 13488 (H:\程序\大三下期\spring_boot_redis_hmdp使用互斥锁解决缓存击穿问题\target\classes started by mao in H:\程序\大三下期\spring_boot_redis_hmdp使用互斥锁解决缓存击穿问题)
2022-05-14 13:37:16.996 DEBUG 13488 --- [restartedMain] gMutexesToSolveCacheBreakdownApplication : Running with Spring Boot v2.6.7, Spring v5.3.19
2022-05-14 13:37:16.997  INFO 13488 --- [restartedMain] gMutexesToSolveCacheBreakdownApplication : The following 1 profile is active: "dev"
2022-05-14 13:37:17.030  INFO 13488 --- [restartedMain] .e.DevToolsPropertyDefaultsPostProcessor : Devtools property defaults active! Set 'spring.devtools.add-properties' to 'false' to disable
2022-05-14 13:37:17.030  INFO 13488 --- [restartedMain] .e.DevToolsPropertyDefaultsPostProcessor : For additional web related logging consider setting the 'logging.level.web' property to 'DEBUG'
2022-05-14 13:37:17.508  INFO 13488 --- [restartedMain] .s.d.r.c.RepositoryConfigurationDelegate : Multiple Spring Data modules found, entering strict repository configuration mode!
2022-05-14 13:37:17.509  INFO 13488 --- [restartedMain] .s.d.r.c.RepositoryConfigurationDelegate : Bootstrapping Spring Data Redis repositories in DEFAULT mode.
2022-05-14 13:37:17.530  INFO 13488 --- [restartedMain] .s.d.r.c.RepositoryConfigurationDelegate : Finished Spring Data repository scanning in 11 ms. Found 0 Redis repository interfaces.
2022-05-14 13:37:17.962  INFO 13488 --- [restartedMain] o.s.b.w.embedded.tomcat.TomcatWebServer  : Tomcat initialized with port(s): 8081 (http)
2022-05-14 13:37:17.968  INFO 13488 --- [restartedMain] o.apache.catalina.core.StandardService   : Starting service [Tomcat]
2022-05-14 13:37:17.969  INFO 13488 --- [restartedMain] org.apache.catalina.core.StandardEngine  : Starting Servlet engine: [Apache Tomcat/9.0.62]
2022-05-14 13:37:18.027  INFO 13488 --- [restartedMain] o.a.c.c.C.[Tomcat].[localhost].[/]       : Initializing Spring embedded WebApplicationContext
2022-05-14 13:37:18.027  INFO 13488 --- [restartedMain] w.s.c.ServletWebServerApplicationContext : Root WebApplicationContext: initialization completed in 997 ms
2022-05-14 13:37:18.238  INFO 13488 --- [restartedMain] c.a.d.s.b.a.DruidDataSourceAutoConfigure : Init DruidDataSource
2022-05-14 13:37:18.328  INFO 13488 --- [restartedMain] com.alibaba.druid.pool.DruidDataSource   : {dataSource-1} inited
2022-05-14 13:37:19.167  INFO 13488 --- [restartedMain] o.s.b.d.a.OptionalLiveReloadServer       : LiveReload server is running on port 35729
2022-05-14 13:37:19.210  INFO 13488 --- [restartedMain] o.s.b.w.embedded.tomcat.TomcatWebServer  : Tomcat started on port(s): 8081 (http) with context path ''
2022-05-14 13:37:19.220  INFO 13488 --- [restartedMain] gMutexesToSolveCacheBreakdownApplication : Started SpringBootRedisHmdpUsingMutexesToSolveCacheBreakdownApplication in 2.616 seconds (JVM running for 3.348)
2022-05-14 13:38:16.222  INFO 13488 --- [http-nio-8081-exec-191] o.a.c.c.C.[Tomcat].[localhost].[/]       : Initializing Spring DispatcherServlet 'dispatcherServlet'
2022-05-14 13:38:16.222  INFO 13488 --- [http-nio-8081-exec-191] o.s.web.servlet.DispatcherServlet        : Initializing Servlet 'dispatcherServlet'
2022-05-14 13:38:16.223  INFO 13488 --- [http-nio-8081-exec-191] o.s.web.servlet.DispatcherServlet        : Completed initialization in 1 ms
2022-05-14 13:38:17.017 DEBUG 13488 --- [http-nio-8081-exec-138] m.s.mapper.ShopMapper.selectById         : ==>  Preparing: SELECT id,name,type_id,images,area,address,x,y,avg_price,sold,comments,score,open_hours,create_time,update_time FROM tb_shop WHERE id=?
2022-05-14 13:38:17.034 DEBUG 13488 --- [http-nio-8081-exec-138] m.s.mapper.ShopMapper.selectById         : ==> Parameters: 1(Long)
2022-05-14 13:38:17.051 DEBUG 13488 --- [http-nio-8081-exec-138] m.s.mapper.ShopMapper.selectById         : <==      Total: 1
2022-05-14 13:38:26.816 DEBUG 13488 --- [http-nio-8081-exec-172] m.s.mapper.ShopMapper.selectById         : ==>  Preparing: SELECT id,name,type_id,images,area,address,x,y,avg_price,sold,comments,score,open_hours,create_time,update_time FROM tb_shop WHERE id=?
2022-05-14 13:38:26.817 DEBUG 13488 --- [http-nio-8081-exec-172] m.s.mapper.ShopMapper.selectById         : ==> Parameters: 1(Long)
2022-05-14 13:38:26.820 DEBUG 13488 --- [http-nio-8081-exec-172] m.s.mapper.ShopMapper.selectById         : <==      Total: 1
2022-05-14 13:38:36.909 DEBUG 13488 --- [http-nio-8081-exec-155] m.s.mapper.ShopMapper.selectById         : ==>  Preparing: SELECT id,name,type_id,images,area,address,x,y,avg_price,sold,comments,score,open_hours,create_time,update_time FROM tb_shop WHERE id=?
2022-05-14 13:38:36.910 DEBUG 13488 --- [http-nio-8081-exec-155] m.s.mapper.ShopMapper.selectById         : ==> Parameters: 1(Long)
2022-05-14 13:38:36.914 DEBUG 13488 --- [http-nio-8081-exec-155] m.s.mapper.ShopMapper.selectById         : <==      Total: 1
2022-05-14 13:38:46.911 DEBUG 13488 --- [http-nio-8081-exec-195] m.s.mapper.ShopMapper.selectById         : ==>  Preparing: SELECT id,name,type_id,images,area,address,x,y,avg_price,sold,comments,score,open_hours,create_time,update_time FROM tb_shop WHERE id=?
2022-05-14 13:38:46.911 DEBUG 13488 --- [http-nio-8081-exec-195] m.s.mapper.ShopMapper.selectById         : ==> Parameters: 1(Long)
2022-05-14 13:38:46.914 DEBUG 13488 --- [http-nio-8081-exec-195] m.s.mapper.ShopMapper.selectById         : <==      Total: 1
2022-05-14 13:38:56.924 DEBUG 13488 --- [http-nio-8081-exec-32] m.s.mapper.ShopMapper.selectById         : ==>  Preparing: SELECT id,name,type_id,images,area,address,x,y,avg_price,sold,comments,score,open_hours,create_time,update_time FROM tb_shop WHERE id=?
2022-05-14 13:38:56.925 DEBUG 13488 --- [http-nio-8081-exec-32] m.s.mapper.ShopMapper.selectById         : ==> Parameters: 1(Long)
2022-05-14 13:38:56.927 DEBUG 13488 --- [http-nio-8081-exec-32] m.s.mapper.ShopMapper.selectById         : <==      Total: 1
2022-05-14 13:39:06.938 DEBUG 13488 --- [http-nio-8081-exec-98] m.s.mapper.ShopMapper.selectById         : ==>  Preparing: SELECT id,name,type_id,images,area,address,x,y,avg_price,sold,comments,score,open_hours,create_time,update_time FROM tb_shop WHERE id=?
2022-05-14 13:39:06.938 DEBUG 13488 --- [http-nio-8081-exec-98] m.s.mapper.ShopMapper.selectById         : ==> Parameters: 1(Long)
2022-05-14 13:39:06.940 DEBUG 13488 --- [http-nio-8081-exec-98] m.s.mapper.ShopMapper.selectById         : <==      Total: 1
2022-05-14 13:39:16.968 DEBUG 13488 --- [http-nio-8081-exec-135] m.s.mapper.ShopMapper.selectById         : ==>  Preparing: SELECT id,name,type_id,images,area,address,x,y,avg_price,sold,comments,score,open_hours,create_time,update_time FROM tb_shop WHERE id=?
2022-05-14 13:39:16.969 DEBUG 13488 --- [http-nio-8081-exec-135] m.s.mapper.ShopMapper.selectById         : ==> Parameters: 1(Long)
2022-05-14 13:39:16.971 DEBUG 13488 --- [http-nio-8081-exec-135] m.s.mapper.ShopMapper.selectById         : <==      Total: 1
2022-05-14 13:39:26.970 DEBUG 13488 --- [http-nio-8081-exec-20] m.s.mapper.ShopMapper.selectById         : ==>  Preparing: SELECT id,name,type_id,images,area,address,x,y,avg_price,sold,comments,score,open_hours,create_time,update_time FROM tb_shop WHERE id=?
2022-05-14 13:39:26.971 DEBUG 13488 --- [http-nio-8081-exec-20] m.s.mapper.ShopMapper.selectById         : ==> Parameters: 1(Long)
2022-05-14 13:39:26.973 DEBUG 13488 --- [http-nio-8081-exec-20] m.s.mapper.ShopMapper.selectById         : <==      Total: 1
2022-05-14 13:39:28.304  INFO 13488 --- [SpringApplicationShutdownHook] com.alibaba.druid.pool.DruidDataSource   : {dataSource-1} closing ...
2022-05-14 13:39:28.307  INFO 13488 --- [SpringApplicationShutdownHook] com.alibaba.druid.pool.DruidDataSource   : {dataSource-1} closed
2022-05-14 13:39:31.940  INFO 14308 --- [restartedMain] gMutexesToSolveCacheBreakdownApplication : Starting SpringBootRedisHmdpUsingMutexesToSolveCacheBreakdownApplication using Java 16.0.2 on mao with PID 14308 (H:\程序\大三下期\spring_boot_redis_hmdp使用互斥锁解决缓存击穿问题\target\classes started by mao in H:\程序\大三下期\spring_boot_redis_hmdp使用互斥锁解决缓存击穿问题)
2022-05-14 13:39:31.941 DEBUG 14308 --- [restartedMain] gMutexesToSolveCacheBreakdownApplication : Running with Spring Boot v2.6.7, Spring v5.3.19
2022-05-14 13:39:31.941  INFO 14308 --- [restartedMain] gMutexesToSolveCacheBreakdownApplication : The following 1 profile is active: "dev"
2022-05-14 13:39:31.976  INFO 14308 --- [restartedMain] .e.DevToolsPropertyDefaultsPostProcessor : Devtools property defaults active! Set 'spring.devtools.add-properties' to 'false' to disable
2022-05-14 13:39:31.977  INFO 14308 --- [restartedMain] .e.DevToolsPropertyDefaultsPostProcessor : For additional web related logging consider setting the 'logging.level.web' property to 'DEBUG'
2022-05-14 13:39:32.462  INFO 14308 --- [restartedMain] .s.d.r.c.RepositoryConfigurationDelegate : Multiple Spring Data modules found, entering strict repository configuration mode!
2022-05-14 13:39:32.464  INFO 14308 --- [restartedMain] .s.d.r.c.RepositoryConfigurationDelegate : Bootstrapping Spring Data Redis repositories in DEFAULT mode.
2022-05-14 13:39:32.485  INFO 14308 --- [restartedMain] .s.d.r.c.RepositoryConfigurationDelegate : Finished Spring Data repository scanning in 11 ms. Found 0 Redis repository interfaces.
2022-05-14 13:39:32.916  INFO 14308 --- [restartedMain] o.s.b.w.embedded.tomcat.TomcatWebServer  : Tomcat initialized with port(s): 8081 (http)
2022-05-14 13:39:32.923  INFO 14308 --- [restartedMain] o.apache.catalina.core.StandardService   : Starting service [Tomcat]
2022-05-14 13:39:32.923  INFO 14308 --- [restartedMain] org.apache.catalina.core.StandardEngine  : Starting Servlet engine: [Apache Tomcat/9.0.62]
2022-05-14 13:39:32.991  INFO 14308 --- [restartedMain] o.a.c.c.C.[Tomcat].[localhost].[/]       : Initializing Spring embedded WebApplicationContext
2022-05-14 13:39:32.992  INFO 14308 --- [restartedMain] w.s.c.ServletWebServerApplicationContext : Root WebApplicationContext: initialization completed in 1013 ms
2022-05-14 13:39:33.211  INFO 14308 --- [restartedMain] c.a.d.s.b.a.DruidDataSourceAutoConfigure : Init DruidDataSource
2022-05-14 13:39:33.305  INFO 14308 --- [restartedMain] com.alibaba.druid.pool.DruidDataSource   : {dataSource-1} inited
2022-05-14 13:39:34.150  INFO 14308 --- [restartedMain] o.s.b.d.a.OptionalLiveReloadServer       : LiveReload server is running on port 35729
2022-05-14 13:39:34.195  INFO 14308 --- [restartedMain] o.s.b.w.embedded.tomcat.TomcatWebServer  : Tomcat started on port(s): 8081 (http) with context path ''
2022-05-14 13:39:34.205  INFO 14308 --- [restartedMain] gMutexesToSolveCacheBreakdownApplication : Started SpringBootRedisHmdpUsingMutexesToSolveCacheBreakdownApplication in 2.584 seconds (JVM running for 3.134)
2022-05-14 13:40:52.348  INFO 14308 --- [http-nio-8081-exec-136] o.a.c.c.C.[Tomcat].[localhost].[/]       : Initializing Spring DispatcherServlet 'dispatcherServlet'
2022-05-14 13:40:52.348  INFO 14308 --- [http-nio-8081-exec-136] o.s.web.servlet.DispatcherServlet        : Initializing Servlet 'dispatcherServlet'
2022-05-14 13:40:52.349  INFO 14308 --- [http-nio-8081-exec-136] o.s.web.servlet.DispatcherServlet        : Completed initialization in 1 ms
2022-05-14 13:40:53.143 DEBUG 14308 --- [http-nio-8081-exec-149] m.s.mapper.ShopMapper.selectById         : ==>  Preparing: SELECT id,name,type_id,images,area,address,x,y,avg_price,sold,comments,score,open_hours,create_time,update_time FROM tb_shop WHERE id=?
2022-05-14 13:40:53.162 DEBUG 14308 --- [http-nio-8081-exec-149] m.s.mapper.ShopMapper.selectById         : ==> Parameters: 1(Long)
2022-05-14 13:40:53.181 DEBUG 14308 --- [http-nio-8081-exec-149] m.s.mapper.ShopMapper.selectById         : <==      Total: 1
2022-05-14 13:41:02.915 DEBUG 14308 --- [http-nio-8081-exec-86] m.s.mapper.ShopMapper.selectById         : ==>  Preparing: SELECT id,name,type_id,images,area,address,x,y,avg_price,sold,comments,score,open_hours,create_time,update_time FROM tb_shop WHERE id=?
2022-05-14 13:41:02.915 DEBUG 14308 --- [http-nio-8081-exec-86] m.s.mapper.ShopMapper.selectById         : ==> Parameters: 1(Long)
2022-05-14 13:41:02.919 DEBUG 14308 --- [http-nio-8081-exec-86] m.s.mapper.ShopMapper.selectById         : <==      Total: 1
2022-05-14 13:41:12.917 DEBUG 14308 --- [http-nio-8081-exec-169] m.s.mapper.ShopMapper.selectById         : ==>  Preparing: SELECT id,name,type_id,images,area,address,x,y,avg_price,sold,comments,score,open_hours,create_time,update_time FROM tb_shop WHERE id=?
2022-05-14 13:41:12.918 DEBUG 14308 --- [http-nio-8081-exec-169] m.s.mapper.ShopMapper.selectById         : ==> Parameters: 1(Long)
2022-05-14 13:41:12.920 DEBUG 14308 --- [http-nio-8081-exec-169] m.s.mapper.ShopMapper.selectById         : <==      Total: 1
2022-05-14 13:41:22.940 DEBUG 14308 --- [http-nio-8081-exec-48] m.s.mapper.ShopMapper.selectById         : ==>  Preparing: SELECT id,name,type_id,images,area,address,x,y,avg_price,sold,comments,score,open_hours,create_time,update_time FROM tb_shop WHERE id=?
2022-05-14 13:41:22.941 DEBUG 14308 --- [http-nio-8081-exec-48] m.s.mapper.ShopMapper.selectById         : ==> Parameters: 1(Long)
2022-05-14 13:41:22.944 DEBUG 14308 --- [http-nio-8081-exec-48] m.s.mapper.ShopMapper.selectById         : <==      Total: 1
2022-05-14 13:41:32.954 DEBUG 14308 --- [http-nio-8081-exec-162] m.s.mapper.ShopMapper.selectById         : ==>  Preparing: SELECT id,name,type_id,images,area,address,x,y,avg_price,sold,comments,score,open_hours,create_time,update_time FROM tb_shop WHERE id=?
2022-05-14 13:41:32.954 DEBUG 14308 --- [http-nio-8081-exec-162] m.s.mapper.ShopMapper.selectById         : ==> Parameters: 1(Long)
2022-05-14 13:41:32.956 DEBUG 14308 --- [http-nio-8081-exec-162] m.s.mapper.ShopMapper.selectById         : <==      Total: 1
2022-05-14 13:41:42.987 DEBUG 14308 --- [http-nio-8081-exec-5] m.s.mapper.ShopMapper.selectById         : ==>  Preparing: SELECT id,name,type_id,images,area,address,x,y,avg_price,sold,comments,score,open_hours,create_time,update_time FROM tb_shop WHERE id=?
2022-05-14 13:41:42.987 DEBUG 14308 --- [http-nio-8081-exec-5] m.s.mapper.ShopMapper.selectById         : ==> Parameters: 1(Long)
2022-05-14 13:41:42.989 DEBUG 14308 --- [http-nio-8081-exec-5] m.s.mapper.ShopMapper.selectById         : <==      Total: 1
2022-05-14 13:41:53.043 DEBUG 14308 --- [http-nio-8081-exec-97] m.s.mapper.ShopMapper.selectById         : ==>  Preparing: SELECT id,name,type_id,images,area,address,x,y,avg_price,sold,comments,score,open_hours,create_time,update_time FROM tb_shop WHERE id=?
2022-05-14 13:41:53.044 DEBUG 14308 --- [http-nio-8081-exec-97] m.s.mapper.ShopMapper.selectById         : ==> Parameters: 1(Long)
2022-05-14 13:41:53.045 DEBUG 14308 --- [http-nio-8081-exec-97] m.s.mapper.ShopMapper.selectById         : <==      Total: 1
2022-05-14 13:42:03.047 DEBUG 14308 --- [http-nio-8081-exec-23] m.s.mapper.ShopMapper.selectById         : ==>  Preparing: SELECT id,name,type_id,images,area,address,x,y,avg_price,sold,comments,score,open_hours,create_time,update_time FROM tb_shop WHERE id=?
2022-05-14 13:42:03.048 DEBUG 14308 --- [http-nio-8081-exec-23] m.s.mapper.ShopMapper.selectById         : ==> Parameters: 1(Long)
2022-05-14 13:42:03.052 DEBUG 14308 --- [http-nio-8081-exec-23] m.s.mapper.ShopMapper.selectById         : <==      Total: 1
2022-05-14 13:42:13.174 DEBUG 14308 --- [http-nio-8081-exec-44] m.s.mapper.ShopMapper.selectById         : ==>  Preparing: SELECT id,name,type_id,images,area,address,x,y,avg_price,sold,comments,score,open_hours,create_time,update_time FROM tb_shop WHERE id=?
2022-05-14 13:42:13.174 DEBUG 14308 --- [http-nio-8081-exec-44] m.s.mapper.ShopMapper.selectById         : ==> Parameters: 1(Long)
